0 info it worked if it ends with ok
1 verbose cli [ '/root/.nvm/versions/node/v6.17.1/bin/node',
1 verbose cli   '/root/.nvm/versions/node/v6.17.1/bin/npm',
1 verbose cli   'start' ]
2 info using npm@3.10.10
3 info using node@v6.17.1
4 verbose run-script [ 'prestart', 'start', 'poststart' ]
5 info lifecycle server@1.0.0~prestart: server@1.0.0
6 silly lifecycle server@1.0.0~prestart: no script for prestart, continuing
7 info lifecycle server@1.0.0~start: server@1.0.0
8 verbose lifecycle server@1.0.0~start: unsafe-perm in lifecycle true
9 verbose lifecycle server@1.0.0~start: PATH: /root/.nvm/versions/node/v6.17.1/lib/node_modules/npm/bin/node-gyp-bin:/home/server/serverStreamTOK/node_modules/.bin:/root/.nvm/versions/node/v6.17.1/bin:/usr/local/sbin:/usr/local/bin:/usr/sbin:/usr/bin:/sbin:/bin:/usr/games:/usr/local/games:/snap/bin
10 verbose lifecycle server@1.0.0~start: CWD: /home/server/serverStreamTOK
11 silly lifecycle server@1.0.0~start: Args: [ '-c', 'node src/index' ]
12 silly lifecycle server@1.0.0~start: Returned: code: 1  signal: null
13 info lifecycle server@1.0.0~start: Failed to exec start script
14 verbose stack Error: server@1.0.0 start: `node src/index`
14 verbose stack Exit status 1
14 verbose stack     at EventEmitter.<anonymous> (/root/.nvm/versions/node/v6.17.1/lib/node_modules/npm/lib/utils/lifecycle.js:255:16)
14 verbose stack     at emitTwo (events.js:106:13)
14 verbose stack     at EventEmitter.emit (events.js:191:7)
14 verbose stack     at ChildProcess.<anonymous> (/root/.nvm/versions/node/v6.17.1/lib/node_modules/npm/lib/utils/spawn.js:40:14)
14 verbose stack     at emitTwo (events.js:106:13)
14 verbose stack     at ChildProcess.emit (events.js:191:7)
14 verbose stack     at maybeClose (internal/child_process.js:920:16)
14 verbose stack     at Process.ChildProcess._handle.onexit (internal/child_process.js:230:5)
15 verbose pkgid server@1.0.0
16 verbose cwd /home/server/serverStreamTOK
17 error Linux 4.4.0-173-generic
18 error argv "/root/.nvm/versions/node/v6.17.1/bin/node" "/root/.nvm/versions/node/v6.17.1/bin/npm" "start"
19 error node v6.17.1
20 error npm  v3.10.10
21 error code ELIFECYCLE
22 error server@1.0.0 start: `node src/index`
22 error Exit status 1
23 error Failed at the server@1.0.0 start script 'node src/index'.
23 error Make sure you have the latest version of node.js and npm installed.
23 error If you do, this is most likely a problem with the server package,
23 error not with npm itself.
23 error Tell the author that this fails on your system:
23 error     node src/index
23 error You can get information on how to open an issue for this project with:
23 error     npm bugs server
23 error Or if that isn't available, you can get their info via:
23 error     npm owner ls server
23 error There is likely additional logging output above.
24 verbose exit [ 1, true ]
